2025-11-24 20:27:10 - INFO - Fetching document https://www.ercot.com/misapp/servlets/IceDocListJsonWS?reportTypeId=13061&_1764034030
2025-11-24 20:27:10 - INFO - Requesting https://www.ercot.com/misapp/servlets/IceDocListJsonWS?reportTypeId=13061&_1764034030 with {}
/opt/anaconda3/lib/python3.12/site-packages/gridstatus/ercot.py:990: FutureWarning: The behavior of DataFrame concatenation with empty or all-NA entries is deprecated. In a future version, this will no longer exclude empty or all-NA columns when determining the result dtypes. To retain the old behavior, exclude the relevant entries before the concat operation.
  df = pd.concat(all_sheets.values())
Traceback (most recent call last):
  File "/Users/michaelbarry/Documents/GitHub/price_settlements/debug_rtm_2025.py", line 8, in <module>
    df = iso.get_rtm_spp(year=2025)
         ^^^^^^^^^^^^^^^^^^^^^^^^^^
  File "/opt/anaconda3/lib/python3.12/site-packages/gridstatus/ercot.py", line 1006, in get_rtm_spp
    df = self.parse_doc(df, verbose=verbose)
         ^^^^^^^^^^^^^^^^^^^^^^^^^^^^^^^^^^^
  File "/opt/anaconda3/lib/python3.12/site-packages/gridstatus/ercot.py", line 3495, in parse_doc
    + doc["HourBeginning"].astype("timedelta64[h]")
      ^^^^^^^^^^^^^^^^^^^^^^^^^^^^^^^^^^^^^^^^^^^^^
  File "/opt/anaconda3/lib/python3.12/site-packages/pandas/core/generic.py", line 6643, in astype
    new_data = self._mgr.astype(dtype=dtype, copy=copy, errors=errors)
               ^^^^^^^^^^^^^^^^^^^^^^^^^^^^^^^^^^^^^^^^^^^^^^^^^^^^^^^
  File "/opt/anaconda3/lib/python3.12/site-packages/pandas/core/internals/managers.py", line 430, in astype
    return self.apply(
           ^^^^^^^^^^^
  File "/opt/anaconda3/lib/python3.12/site-packages/pandas/core/internals/managers.py", line 363, in apply
    applied = getattr(b, f)(**kwargs)
              ^^^^^^^^^^^^^^^^^^^^^^^
  File "/opt/anaconda3/lib/python3.12/site-packages/pandas/core/internals/blocks.py", line 758, in astype
    new_values = astype_array_safe(values, dtype, copy=copy, errors=errors)
                 ^^^^^^^^^^^^^^^^^^^^^^^^^^^^^^^^^^^^^^^^^^^^^^^^^^^^^^^^^^
  File "/opt/anaconda3/lib/python3.12/site-packages/pandas/core/dtypes/astype.py", line 237, in astype_array_safe
    new_values = astype_array(values, dtype, copy=copy)
                 ^^^^^^^^^^^^^^^^^^^^^^^^^^^^^^^^^^^^^^
  File "/opt/anaconda3/lib/python3.12/site-packages/pandas/core/dtypes/astype.py", line 182, in astype_array
    values = _astype_nansafe(values, dtype, copy=copy)
             ^^^^^^^^^^^^^^^^^^^^^^^^^^^^^^^^^^^^^^^^^
  File "/opt/anaconda3/lib/python3.12/site-packages/pandas/core/dtypes/astype.py", line 122, in _astype_nansafe
    return tda.astype(dtype, copy=False)._ndarray
           ^^^^^^^^^^^^^^^^^^^^^^^^^^^^^
  File "/opt/anaconda3/lib/python3.12/site-packages/pandas/core/arrays/timedeltas.py", line 358, in astype
    raise ValueError(
ValueError: Cannot convert from timedelta64[ns] to timedelta64[h]. Supported resolutions are 's', 'ms', 'us', 'ns'
